Started by user [8mha:////4Efp0/2sqJSHgOp2keW96WryiSDlF4ojeq0gs4pJGmDwAAAAlx+LCAAAAAAAAP9b85aBtbiIQTGjNKU4P08vOT+vOD8nVc83PyU1x6OyILUoJzMv2y+/JJUBAhiZGBgqihhk0NSjKDWzXb3RdlLBUSYGJk8GtpzUvPSSDB8G5tKinBIGIZ+sxLJE/ZzEvHT94JKizLx0a6BxUmjGOUNodHsLgAzWEgZu/dLi1CL9xJTczDwAj6GcLcAAAAA=[0mManoj
Building remotely on [8mha:////4CfGTJCS+Bn6z+jBdG+ux4JOXLqDIMx5qBhBobH9EMYhAAAApB+LCAAAAAAAAP9b85aBtbiIQTGjNKU4P08vOT+vOD8nVc83PyU1x6OyILUoJzMv2y+/JJUBAhiZGBgqihhk0NSjKDWzXb3RdlLBUSYGJk8GtpzUvPSSDB8G5tKinBIGIZ+sxLJE/ZzEvHT94JKizLx0a6BxUmjGOUNodHsLgAy+EgYJ/eT83ILSktQi/azUvOzMvGLd4pzEslRDAHpuIwfNAAAA[0mjenkins-slave1 in workspace /home/jenkins/workspace/build_from_Spark-master
 > git rev-parse --is-inside-work-tree # timeout=10
Fetching changes from the remote Git repository
 > git config remote.origin.url git@github.com:Maruthi-Manoj/Spark.git # timeout=10
Fetching upstream changes from git@github.com:Maruthi-Manoj/Spark.git
 > git --version # timeout=10
using GIT_SSH to set credentials 
 > git fetch --tags --progress git@github.com:Maruthi-Manoj/Spark.git +refs/heads/*:refs/remotes/origin/*
 > git rev-parse refs/remotes/origin/master^{commit} # timeout=10
 > git rev-parse refs/remotes/origin/origin/master^{commit} # timeout=10
Checking out Revision c859d4d17081dd9b9c4313e33c9e6dfcd033a7fe (refs/remotes/origin/master)
 > git config core.sparsecheckout # timeout=10
 > git checkout -f c859d4d17081dd9b9c4313e33c9e6dfcd033a7fe
Commit message: "Create sprint_version.txt"
First time build. Skipping changelog.
[build_from_Spark-master] $ /bin/sh -xe /tmp/jenkins5515402550958837324.sh
+ cd /home/jenkins/devops
+ fab build_xap
Traceback (most recent call last):
  File "/usr/lib/python2.7/site-packages/fabric/main.py", line 667, in main
    docstring, callables, default = load_fabfile(fabfile)
  File "/usr/lib/python2.7/site-packages/fabric/main.py", line 168, in load_fabfile
    imported = importer(os.path.splitext(fabfile)[0])
  File "/home/jenkins/devops/fabfile.py", line 14, in <module>
    import gitlab_helper
ImportError: No module named gitlab_helper
Build step 'Execute shell' marked build as failure
Finished: FAILURE
